#
# There is insufficient memory for the Java Runtime Environment to continue.
# Native memory allocation (malloc) failed to allocate 41520 bytes for Chunk::new
# Possible reasons:
#   The system is out of physical RAM or swap space
#   The process is running with CompressedOops enabled, and the Java Heap may be blocking the growth of the native heap
# Possible solutions:
#   Reduce memory load on the system
#   Increase physical memory or swap space
#   Check if swap backing store is full
#   Decrease Java heap size (-Xmx/-Xms)
#   Decrease number of Java threads
#   Decrease Java thread stack sizes (-Xss)
#   Set larger code cache with -XX:ReservedCodeCacheSize=
#   JVM is running with Unscaled Compressed Oops mode in which the Java heap is
#     placed in the first 4GB address space. The Java Heap base address is the
#     maximum limit for the native heap growth. Please use -XX:HeapBaseMinAddress
#     to set the Java Heap base and to place the Java Heap above 4GB virtual address.
# This output file may be truncated or incomplete.
#
#  Out of Memory Error (./open/src/hotspot/share/memory/arena.cpp:195), pid=3396, tid=15536
#
# JRE version: Java(TM) SE Runtime Environment (15.0.1+9) (build 15.0.1+9-18)
# Java VM: Java HotSpot(TM) 64-Bit Server VM (15.0.1+9-18, mixed mode, tiered, compressed oops, g1 gc, windows-amd64)
# No core dump will be written. Minidumps are not enabled by default on client versions of Windows
#

---------------  S U M M A R Y ------------

Command Line: -Dvisualvm.id=490212560832300 -Dmaven.multiModuleProjectDirectory=C:\Users\User\Downloads\demo -Dmaven.home=C:\Program Files\JetBrains\IntelliJ IDEA Community Edition 2020.2.4\plugins\maven\lib\maven3 -Dclassworlds.conf=C:\Program Files\JetBrains\IntelliJ IDEA Community Edition 2020.2.4\plugins\maven\lib\maven3\bin\m2.conf -Dmaven.ext.class.path=C:\Program Files\JetBrains\IntelliJ IDEA Community Edition 2020.2.4\plugins\maven\lib\maven-event-listener.jar -javaagent:C:\Program Files\JetBrains\IntelliJ IDEA Community Edition 2020.2.4\lib\idea_rt.jar=62637:C:\Program Files\JetBrains\IntelliJ IDEA Community Edition 2020.2.4\bin -Dfile.encoding=UTF-8 org.codehaus.classworlds.Launcher -Didea.version=2020.2.4 clean

Host: Intel(R) Core(TM) i5-5200U CPU @ 2.20GHz, 4 cores, 3G,  Windows 10 , 64 bit Build 18362 (10.0.18362.1500)
Time: Mon Aug  2 10:29:44 2021 Egypt Standard Time elapsed time: 0.302314 seconds (0d 0h 0m 0s)

---------------  T H R E A D  ---------------

Current thread (0x0000015b5c33a7f0):  JavaThread "C2 CompilerThread0" daemon [_thread_in_native, id=15536, stack(0x00000047b1e00000,0x00000047b1f00000)]


Current CompileTask:
C2:    302  115       4       java.lang.String::hashCode (60 bytes)

Stack: [0x00000047b1e00000,0x00000047b1f00000]
Native frames: (J=compiled Java code, j=interpreted, Vv=VM code, C=native code)
V  [jvm.dll+0x62ae9a]
V  [jvm.dll+0x781389]
V  [jvm.dll+0x782ae3]
V  [jvm.dll+0x783143]
V  [jvm.dll+0x216265]
V  [jvm.dll+0x97efa]
V  [jvm.dll+0x985dc]
V  [jvm.dll+0x32e525]
V  [jvm.dll+0x2f78aa]
V  [jvm.dll+0x2f6c6a]
V  [jvm.dll+0x1ea645]
V  [jvm.dll+0x1e98ae]
V  [jvm.dll+0x1784c7]
V  [jvm.dll+0x1f9165]
V  [jvm.dll+0x1f720c]
V  [jvm.dll+0x74485d]
V  [jvm.dll+0x73d65a]
V  [jvm.dll+0x629c56]
C  [ucrtbase.dll+0x210b2]
C  [KERNEL32.DLL+0x17c24]
C  [ntdll.dll+0x6d721]


---------------  P R O C E S S  ---------------

Threads class SMR info:
_java_thread_list=0x0000015b5d17de30, length=10, elements={
0x0000015b40670e20, 0x0000015b5c31a130, 0x0000015b5c31cc20, 0x0000015b5c301410,
0x0000015b5c336030, 0x0000015b5c336600, 0x0000015b5c33a7f0, 0x0000015b5c33b2a0,
0x0000015b5c33bca0, 0x0000015b5d1a2a60
}

Java Threads: ( => current thread )
  0x0000015b40670e20 JavaThread "main" [_thread_blocked, id=11320, stack(0x00000047b1200000,0x00000047b1300000)]
  0x0000015b5c31a130 JavaThread "Reference Handler" daemon [_thread_blocked, id=1996, stack(0x00000047b1900000,0x00000047b1a00000)]
  0x0000015b5c31cc20 JavaThread "Finalizer" daemon [_thread_blocked, id=9920, stack(0x00000047b1a00000,0x00000047b1b00000)]
  0x0000015b5c301410 JavaThread "Signal Dispatcher" daemon [_thread_blocked, id=10820, stack(0x00000047b1b00000,0x00000047b1c00000)]
  0x0000015b5c336030 JavaThread "Attach Listener" daemon [_thread_blocked, id=11924, stack(0x00000047b1c00000,0x00000047b1d00000)]
  0x0000015b5c336600 JavaThread "Service Thread" daemon [_thread_blocked, id=15708, stack(0x00000047b1d00000,0x00000047b1e00000)]
=>0x0000015b5c33a7f0 JavaThread "C2 CompilerThread0" daemon [_thread_in_native, id=15536, stack(0x00000047b1e00000,0x00000047b1f00000)]
  0x0000015b5c33b2a0 JavaThread "C1 CompilerThread0" daemon [_thread_blocked, id=15984, stack(0x00000047b1f00000,0x00000047b2000000)]
  0x0000015b5c33bca0 JavaThread "Sweeper thread" daemon [_thread_blocked, id=11716, stack(0x00000047b2000000,0x00000047b2100000)]
  0x0000015b5d1a2a60 JavaThread "Common-Cleaner" daemon [_thread_blocked, id=10696, stack(0x00000047b2100000,0x00000047b2200000)]

Other Threads:
  0x0000015b5c2af920 VMThread "VM Thread" [stack: 0x00000047b1800000,0x00000047b1900000] [id=15072]
  0x0000015b4069fe40 GCTaskThread "GC Thread#0" [stack: 0x00000047b1300000,0x00000047b1400000] [id=800]
  0x0000015b5d268980 GCTaskThread "GC Thread#1" [stack: 0x00000047b2200000,0x00000047b2300000] [id=5748]
  0x0000015b406ac430 ConcurrentGCThread "G1 Main Marker" [stack: 0x00000047b1400000,0x00000047b1500000] [id=13456]
  0x0000015b406acf30 ConcurrentGCThread "G1 Conc#0" [stack: 0x00000047b1500000,0x00000047b1600000] [id=11360]
  0x0000015b406fac70 ConcurrentGCThread "G1 Refine#0" [stack: 0x00000047b1600000,0x00000047b1700000] [id=14820]
  0x0000015b406fb780 ConcurrentGCThread "G1 Young RemSet Sampling" [stack: 0x00000047b1700000,0x00000047b1800000] [id=5616]

Threads with active compile tasks:
C2 CompilerThread0      344  115       4       java.lang.String::hashCode (60 bytes)
C1 CompilerThread0      344  171       3       java.lang.String::indexOf (29 bytes)

VM state: at safepoint (normal execution)

VM Mutex/Monitor currently owned by a thread:  ([mutex/lock_event])
[0x0000015b4066df10] Threads_lock - owner thread: 0x0000015b5c2af920
[0x0000015b4066cb60] Heap_lock - owner thread: 0x0000015b40670e20

Heap address: 0x00000000c1200000, size: 1006 MB, Compressed Oops mode: 32-bit
CDS disabled.
Compressed class space mapped at: 0x0000000100000000-0x0000000140000000, size: 1073741824
Narrow klass base: 0x0000000000000000, Narrow klass shift: 3, Narrow klass range: 0x140000000

GC Precious Log:
 CPUs: 4 total, 4 available
 Memory: 4016M
 Large Page Support: Disabled
 NUMA Support: Disabled
 Compressed Oops: Enabled (32-bit)
 Heap Region Size: 1M
 Heap Min Capacity: 8M
 Heap Initial Capacity: 64M
 Heap Max Capacity: 1006M
 Pre-touch: Disabled
 Parallel Workers: 4
 Concurrent Workers: 1
 Concurrent Refinement Workers: 4
 Periodic GC: Disabled

Heap:
 garbage-first heap   total 65536K, used 668K [0x00000000c1200000, 0x0000000100000000)
  region size 1024K, 1 young (1024K), 1 survivors (1024K)
 Metaspace       used 4943K, capacity 4979K, committed 5120K, reserved 1073152K
  class space    used 395K, capacity 425K, committed 512K, reserved 1048576K

Heap Regions: E=young(eden), S=young(survivor), O=old, HS=humongous(starts), HC=humongous(continues), CS=collection set, F=free, OA=open archive, CA=closed archive, TAMS=top-at-mark-start (previous, next)
|   0|0x00000000c1200000, 0x00000000c1200000, 0x00000000c1300000|  0%| F|  |TAMS 0x00000000c1200000, 0x00000000c1200000| Untracked 
|   1|0x00000000c1300000, 0x00000000c1300000, 0x00000000c1400000|  0%| F|  |TAMS 0x00000000c1300000, 0x00000000c1300000| Untracked 
|   2|0x00000000c1400000, 0x00000000c1400000, 0x00000000c1500000|  0%| F|  |TAMS 0x00000000c1400000, 0x00000000c1400000| Untracked 
|   3|0x00000000c1500000, 0x00000000c1500000, 0x00000000c1600000|  0%| F|  |TAMS 0x00000000c1500000, 0x00000000c1500000| Untracked 
|   4|0x00000000c1600000, 0x00000000c1600000, 0x00000000c1700000|  0%| F|  |TAMS 0x00000000c1600000, 0x00000000c1600000| Untracked 
|   5|0x00000000c1700000, 0x00000000c1700000, 0x00000000c1800000|  0%| F|  |TAMS 0x00000000c1700000, 0x00000000c1700000| Untracked 
|   6|0x00000000c1800000, 0x00000000c1800000, 0x00000000c1900000|  0%| F|  |TAMS 0x00000000c1800000, 0x00000000c1800000| Untracked 
|   7|0x00000000c1900000, 0x00000000c1900000, 0x00000000c1a00000|  0%| F|  |TAMS 0x00000000c1900000, 0x00000000c1900000| Untracked 
|   8|0x00000000c1a00000, 0x00000000c1a00000, 0x00000000c1b00000|  0%| F|  |TAMS 0x00000000c1a00000, 0x00000000c1a00000| Untracked 
|   9|0x00000000c1b00000, 0x00000000c1b00000, 0x00000000c1c00000|  0%| F|  |TAMS 0x00000000c1b00000, 0x00000000c1b00000| Untracked 
|  10|0x00000000c1c00000, 0x00000000c1c00000, 0x00000000c1d00000|  0%| F|  |TAMS 0x00000000c1c00000, 0x00000000c1c00000| Untracked 
|  11|0x00000000c1d00000, 0x00000000c1d00000, 0x00000000c1e00000|  0%| F|  |TAMS 0x00000000c1d00000, 0x00000000c1d00000| Untracked 
|  12|0x00000000c1e00000, 0x00000000c1e00000, 0x00000000c1f00000|  0%| F|  |TAMS 0x00000000c1e00000, 0x00000000c1e00000| Untracked 
|  13|0x00000000c1f00000, 0x00000000c1f00000, 0x00000000c2000000|  0%| F|  |TAMS 0x00000000c1f00000, 0x00000000c1f00000| Untracked 
|  14|0x00000000c2000000, 0x00000000c2000000, 0x00000000c2100000|  0%| F|  |TAMS 0x00000000c2000000, 0x00000000c2000000| Untracked 
|  15|0x00000000c2100000, 0x00000000c2100000, 0x00000000c2200000|  0%| F|  |TAMS 0x00000000c2100000, 0x00000000c2100000| Untracked 
|  16|0x00000000c2200000, 0x00000000c2200000, 0x00000000c2300000|  0%| F|  |TAMS 0x00000000c2200000, 0x00000000c2200000| Untracked 
|  17|0x00000000c2300000, 0x00000000c2300000, 0x00000000c2400000|  0%| F|  |TAMS 0x00000000c2300000, 0x00000000c2300000| Untracked 
|  18|0x00000000c2400000, 0x00000000c2400000, 0x00000000c2500000|  0%| F|  |TAMS 0x00000000c2400000, 0x00000000c2400000| Untracked 
|  19|0x00000000c2500000, 0x00000000c2500000, 0x00000000c2600000|  0%| F|  |TAMS 0x00000000c2500000, 0x00000000c2500000| Untracked 
|  20|0x00000000c2600000, 0x00000000c2600000, 0x00000000c2700000|  0%| F|  |TAMS 0x00000000c2600000, 0x00000000c2600000| Untracked 
|  21|0x00000000c2700000, 0x00000000c2700000, 0x00000000c2800000|  0%| F|  |TAMS 0x00000000c2700000, 0x00000000c2700000| Untracked 
|  22|0x00000000c2800000, 0x00000000c2800000, 0x00000000c2900000|  0%| F|  |TAMS 0x00000000c2800000, 0x00000000c2800000| Untracked 
|  23|0x00000000c2900000, 0x00000000c2900000, 0x00000000c2a00000|  0%| F|  |TAMS 0x00000000c2900000, 0x00000000c2900000| Untracked 
|  24|0x00000000c2a00000, 0x00000000c2a00000, 0x00000000c2b00000|  0%| F|  |TAMS 0x00000000c2a00000, 0x00000000c2a00000| Untracked 
|  25|0x00000000c2b00000, 0x00000000c2b00000, 0x00000000c2c00000|  0%| F|  |TAMS 0x00000000c2b00000, 0x00000000c2b00000| Untracked 
|  26|0x00000000c2c00000, 0x00000000c2c00000, 0x00000000c2d00000|  0%| F|  |TAMS 0x00000000c2c00000, 0x00000000c2c00000| Untracked 
|  27|0x00000000c2d00000, 0x00000000c2d00000, 0x00000000c2e00000|  0%| F|  |TAMS 0x00000000c2d00000, 0x00000000c2d00000| Untracked 
|  28|0x00000000c2e00000, 0x00000000c2e00000, 0x00000000c2f00000|  0%| F|  |TAMS 0x00000000c2e00000, 0x00000000c2e00000| Untracked 
|  29|0x00000000c2f00000, 0x00000000c2f00000, 0x00000000c3000000|  0%| F|  |TAMS 0x00000000c2f00000, 0x00000000c2f00000| Untracked 
|  30|0x00000000c3000000, 0x00000000c3000000, 0x00000000c3100000|  0%| F|  |TAMS 0x00000000c3000000, 0x00000000c3000000| Untracked 
|  31|0x00000000c3100000, 0x00000000c3100000, 0x00000000c3200000|  0%| F|  |TAMS 0x00000000c3100000, 0x00000000c3100000| Untracked 
|  32|0x00000000c3200000, 0x00000000c3200000, 0x00000000c3300000|  0%| F|  |TAMS 0x00000000c3200000, 0x00000000c3200000| Untracked 
|  33|0x00000000c3300000, 0x00000000c3300000, 0x00000000c3400000|  0%| F|  |TAMS 0x00000000c3300000, 0x00000000c3300000| Untracked 
|  34|0x00000000c3400000, 0x00000000c3400000, 0x00000000c3500000|  0%| F|  |TAMS 0x00000000c3400000, 0x00000000c3400000| Untracked 
|  35|0x00000000c3500000, 0x00000000c3500000, 0x00000000c3600000|  0%| F|  |TAMS 0x00000000c3500000, 0x00000000c3500000| Untracked 
|  36|0x00000000c3600000, 0x00000000c3600000, 0x00000000c3700000|  0%| F|  |TAMS 0x00000000c3600000, 0x00000000c3600000| Untracked 
|  37|0x00000000c3700000, 0x00000000c3700000, 0x00000000c3800000|  0%| F|  |TAMS 0x00000000c3700000, 0x00000000c3700000| Untracked 
|  38|0x00000000c3800000, 0x00000000c3800000, 0x00000000c3900000|  0%| F|  |TAMS 0x00000000c3800000, 0x00000000c3800000| Untracked 
|  39|0x00000000c3900000, 0x00000000c3900000, 0x00000000c3a00000|  0%| F|  |TAMS 0x00000000c3900000, 0x00000000c3900000| Untracked 
|  40|0x00000000c3a00000, 0x00000000c3a00000, 0x00000000c3b00000|  0%| F|  |TAMS 0x00000000c3a00000, 0x00000000c3a00000| Untracked 
|  41|0x00000000c3b00000, 0x00000000c3b00000, 0x00000000c3c00000|  0%| F|  |TAMS 0x00000000c3b00000, 0x00000000c3b00000| Untracked 
|  42|0x00000000c3c00000, 0x00000000c3c00000, 0x00000000c3d00000|  0%| F|  |TAMS 0x00000000c3c00000, 0x00000000c3c00000| Untracked 
|  43|0x00000000c3d00000, 0x00000000c3d00000, 0x00000000c3e00000|  0%| F|  |TAMS 0x00000000c3d00000, 0x00000000c3d00000| Untracked 
|  44|0x00000000c3e00000, 0x00000000c3e00000, 0x00000000c3f00000|  0%| F|  |TAMS 0x00000000c3e00000, 0x00000000c3e00000| Untracked 
|  45|0x00000000c3f00000, 0x00000000c3f00000, 0x00000000c4000000|  0%| F|  |TAMS 0x00000000c3f00000, 0x00000000c3f00000| Untracked 
|  46|0x00000000c4000000, 0x00000000c4000000, 0x00000000c4100000|  0%| F|  |TAMS 0x00000000c4000000, 0x00000000c4000000| Untracked 
|  47|0x00000000c4100000, 0x00000000c4100000, 0x00000000c4200000|  0%| F|  |TAMS 0x00000000c4100000, 0x00000000c4100000| Untracked 
|  48|0x00000000c4200000, 0x00000000c4200000, 0x00000000c4300000|  0%| F|  |TAMS 0x00000000c4200000, 0x00000000c4200000| Untracked 
|  49|0x00000000c4300000, 0x00000000c4300000, 0x00000000c4400000|  0%| F|  |TAMS 0x00000000c4300000, 0x00000000c4300000| Untracked 
|  50|0x00000000c4400000, 0x00000000c4400000, 0x00000000c4500000|  0%| F|  |TAMS 0x00000000c4400000, 0x00000000c4400000| Untracked 
|  51|0x00000000c4500000, 0x00000000c4500000, 0x00000000c4600000|  0%| F|  |TAMS 0x00000000c4500000, 0x00000000c4500000| Untracked 
|  52|0x00000000c4600000, 0x00000000c4600000, 0x00000000c4700000|  0%| F|  |TAMS 0x00000000c4600000, 0x00000000c4600000| Untracked 
|  53|0x00000000c4700000, 0x00000000c4700000, 0x00000000c4800000|  0%| F|  |TAMS 0x00000000c4700000, 0x00000000c4700000| Untracked 
|  54|0x00000000c4800000, 0x00000000c4800000, 0x00000000c4900000|  0%| F|  |TAMS 0x00000000c4800000, 0x00000000c4800000| Untracked 
|  55|0x00000000c4900000, 0x00000000c4900000, 0x00000000c4a00000|  0%| F|  |TAMS 0x00000000c4900000, 0x00000000c4900000| Untracked 
|  56|0x00000000c4a00000, 0x00000000c4a00000, 0x00000000c4b00000|  0%| F|  |TAMS 0x00000000c4a00000, 0x00000000c4a00000| Untracked 
|  57|0x00000000c4b00000, 0x00000000c4b00000, 0x00000000c4c00000|  0%| F|  |TAMS 0x00000000c4b00000, 0x00000000c4b00000| Untracked 
|  58|0x00000000c4c00000, 0x00000000c4c00000, 0x00000000c4d00000|  0%| F|  |TAMS 0x00000000c4c00000, 0x00000000c4c00000| Untracked 
|  59|0x00000000c4d00000, 0x00000000c4d00000, 0x00000000c4e00000|  0%| F|  |TAMS 0x00000000c4d00000, 0x00000000c4d00000| Untracked 
|  60|0x00000000c4e00000, 0x00000000c4e00000, 0x00000000c4f00000|  0%| F|  |TAMS 0x00000000c4e00000, 0x00000000c4e00000| Untracked 
|  61|0x00000000c4f00000, 0x00000000c4fa7060, 0x00000000c5000000| 65%| S|CS|TAMS 0x00000000c4f00000, 0x00000000c4f00000| Complete 
|  62|0x00000000c5000000, 0x00000000c5000000, 0x00000000c5100000|  0%| F|  |TAMS 0x00000000c5000000, 0x00000000c5000000| Untracked 
|  63|0x00000000c5100000, 0x00000000c5100000, 0x00000000c5200000|  0%| F|  |TAMS 0x00000000c5100000, 0x00000000c5100000| Untracked 

Card table byte_map: [0x0000015b57aa0000,0x0000015b57ca0000] _byte_map_base: 0x0000015b57497000

Marking Bits (Prev, Next): (CMBitMap*) 0x0000015b406a3570, (CMBitMap*) 0x0000015b406a35b0
 Prev Bits: [0x0000015b57ea0000, 0x0000015b58e58000)
 Next Bits: [0x0000015b58e60000, 0x0000015b59e18000)

Polling page: 0x0000015b3e460000

Metaspace:

Usage:
  Non-class:      4.45 MB capacity,     4.44 MB (>99%) used,   784 bytes ( <1%) free+waste,     4.69 KB ( <1%) overhead. 
      Class:    425.00 KB capacity,   395.02 KB ( 93%) used,    29.55 KB (  7%) free+waste,   448 bytes ( <1%) overhead. 
       Both:      4.86 MB capacity,     4.83 MB (>99%) used,    30.31 KB ( <1%) free+waste,     5.13 KB ( <1%) overhead. 

Virtual space:
  Non-class space:       24.00 MB reserved,       4.50 MB ( 19%) committed 
      Class space:        1.00 GB reserved,     512.00 KB ( <1%) committed 
             Both:        1.02 GB reserved,       5.00 MB ( <1%) committed 

Chunk freelists:
   Non-Class:  54.00 KB
       Class:  23.00 KB
        Both:  77.00 KB

MaxMetaspaceSize: 17179869184.00 GB
CompressedClassSpaceSize: 1.00 GB

CodeHeap 'non-profiled nmethods': size=120000Kb used=46Kb max_used=46Kb free=119953Kb
 bounds [0x0000015b50370000, 0x0000015b505e0000, 0x0000015b578a0000]
CodeHeap 'profiled nmethods': size=120000Kb used=188Kb max_used=188Kb free=119811Kb
 bounds [0x0000015b48e40000, 0x0000015b490b0000, 0x0000015b50370000]
CodeHeap 'non-nmethods': size=5760Kb used=1086Kb max_used=1097Kb free=4673Kb
 bounds [0x0000015b488a0000, 0x0000015b48b10000, 0x0000015b48e40000]
 total_blobs=484 nmethods=165 adapters=232
 compilation: enabled
              stopped_count=0, restarted_count=0
 full_count=0

Compilation events (20 events):
Event: 0.297 Thread 0x0000015b5c33b2a0  132       3       java.util.HashMap::containsKey (14 bytes)
Event: 0.297 Thread 0x0000015b5c33b2a0 nmethod 132 0x0000015b48e66790 code [0x0000015b48e66940, 0x0000015b48e66ac8]
Event: 0.297 Thread 0x0000015b5c33b2a0  131       3       java.util.ImmutableCollections$Set12$1::next (95 bytes)
Event: 0.297 Thread 0x0000015b5c33b2a0 nmethod 131 0x0000015b48e66b90 code [0x0000015b48e66d40, 0x0000015b48e66fa8]
Event: 0.297 Thread 0x0000015b5c33b2a0  133       1       java.lang.module.ModuleDescriptor::uses (5 bytes)
Event: 0.297 Thread 0x0000015b5c33b2a0 nmethod 133 0x0000015b50378a90 code [0x0000015b50378c20, 0x0000015b50378cd8]
Event: 0.297 Thread 0x0000015b5c33b2a0  134       3       java.util.HashMap$HashIterator::<init> (79 bytes)
Event: 0.298 Thread 0x0000015b5c33b2a0 nmethod 134 0x0000015b48e67090 code [0x0000015b48e67240, 0x0000015b48e67658]
Event: 0.298 Thread 0x0000015b5c33b2a0  135       3       java.lang.String::substring (58 bytes)
Event: 0.298 Thread 0x0000015b5c33b2a0 nmethod 135 0x0000015b48e67790 code [0x0000015b48e67980, 0x0000015b48e67de8]
Event: 0.298 Thread 0x0000015b5c33b2a0  136       3       java.lang.String::checkBoundsBeginEnd (63 bytes)
Event: 0.299 Thread 0x0000015b5c33b2a0 nmethod 136 0x0000015b48e67f90 code [0x0000015b48e68220, 0x0000015b48e68af8]
Event: 0.299 Thread 0x0000015b5c33b2a0  137       3       java.util.AbstractSet::<init> (5 bytes)
Event: 0.299 Thread 0x0000015b5c33b2a0 nmethod 137 0x0000015b48e68e90 code [0x0000015b48e69040, 0x0000015b48e691f8]
Event: 0.299 Thread 0x0000015b5c33b2a0  140       1       java.util.KeyValueHolder::getKey (5 bytes)
Event: 0.299 Thread 0x0000015b5c33b2a0 nmethod 140 0x0000015b50378d90 code [0x0000015b50378f20, 0x0000015b50378fd8]
Event: 0.299 Thread 0x0000015b5c33b2a0  141       1       java.util.KeyValueHolder::getValue (5 bytes)
Event: 0.299 Thread 0x0000015b5c33b2a0 nmethod 141 0x0000015b50379090 code [0x0000015b50379220, 0x0000015b503792d8]
Event: 0.299 Thread 0x0000015b5c33b2a0  139       3       java.util.Arrays::copyOfRange (64 bytes)
Event: 0.299 Thread 0x0000015b5c33b2a0 nmethod 139 0x0000015b48e69310 code [0x0000015b48e69580, 0x0000015b48e69e78]

GC Heap History (0 events):
No events

Deoptimization events (0 events):
No events

Classes unloaded (0 events):
No events

Classes redefined (0 events):
No events

Internal exceptions (0 events):
No events

Events (20 events):
Event: 0.286 loading class java/util/HashMap$Values
Event: 0.286 loading class java/util/HashMap$Values done
Event: 0.286 loading class java/util/HashMap$ValueIterator
Event: 0.286 loading class java/util/HashMap$ValueIterator done
Event: 0.287 loading class java/util/LinkedHashSet
Event: 0.287 loading class java/util/LinkedHashSet done
Event: 0.287 loading class java/util/LinkedHashMap
Event: 0.288 loading class java/util/LinkedHashMap done
Event: 0.289 Executing VM operation: HandshakeAllThreads
Event: 0.289 Executing VM operation: HandshakeAllThreads done
Event: 0.290 loading class java/util/Collections$UnmodifiableCollection$1
Event: 0.290 loading class java/util/Collections$UnmodifiableCollection$1 done
Event: 0.290 loading class java/lang/module/ResolvedModule
Event: 0.291 loading class java/lang/module/ResolvedModule done
Event: 0.298 loading class jdk/internal/module/ModuleLoaderMap
Event: 0.298 loading class jdk/internal/module/ModuleLoaderMap done
Event: 0.298 loading class jdk/internal/module/ModuleLoaderMap$Mapper
Event: 0.300 loading class jdk/internal/module/ModuleLoaderMap$Mapper done
Event: 0.300 loading class jdk/internal/module/ModuleLoaderMap$Modules
Event: 0.300 loading class jdk/internal/module/ModuleLoaderMap$Modules done


Dynamic libraries:
0x00007ff671ef0000 - 0x00007ff671eff000 	C:\Program Files\Java\jdk-15.0.1\bin\java.exe
0x00007ffe11c60000 - 0x00007ffe11e50000 	C:\Windows\SYSTEM32\ntdll.dll
0x00007ffe112e0000 - 0x00007ffe11392000 	C:\Windows\System32\KERNEL32.DLL
0x00007ffe0ec50000 - 0x00007ffe0eef5000 	C:\Windows\System32\KERNELBASE.dll
0x00007ffe0f1a0000 - 0x00007ffe0f29a000 	C:\Windows\System32\ucrtbase.dll
0x00007ffdf4ba0000 - 0x00007ffdf4bb9000 	C:\Program Files\Java\jdk-15.0.1\bin\VCRUNTIME140.dll
0x00007ffdf4ae0000 - 0x00007ffdf4af8000 	C:\Program Files\Java\jdk-15.0.1\bin\jli.dll
0x00007ffe11830000 - 0x00007ffe118d3000 	C:\Windows\System32\ADVAPI32.dll
0x00007ffe11a20000 - 0x00007ffe11abe000 	C:\Windows\System32\msvcrt.dll
0x00007ffe108d0000 - 0x00007ffe10967000 	C:\Windows\System32\sechost.dll
0x00007ffe11190000 - 0x00007ffe112af000 	C:\Windows\System32\RPCRT4.dll
0x00007ffe11630000 - 0x00007ffe117c4000 	C:\Windows\System32\USER32.dll
0x00007ffe0ef00000 - 0x00007ffe0ef21000 	C:\Windows\System32\win32u.dll
0x00007ffe11600000 - 0x00007ffe11626000 	C:\Windows\System32\GDI32.dll
0x00007ffe0f000000 - 0x00007ffe0f198000 	C:\Windows\System32\gdi32full.dll
0x00007ffe0ef30000 - 0x00007ffe0efce000 	C:\Windows\System32\msvcp_win.dll
0x00007ffe0dfd0000 - 0x00007ffe0e254000 	C:\Windows\WinSxS\amd64_microsoft.windows.common-controls_6595b64144ccf1df_6.0.18362.1500_none_9e79be6de462295c\COMCTL32.dll
0x00007ffe10590000 - 0x00007ffe108c6000 	C:\Windows\System32\combase.dll
0x00007ffe0f3a0000 - 0x00007ffe0f421000 	C:\Windows\System32\bcryptPrimitives.dll
0x00007ffe05210000 - 0x00007ffe0521a000 	C:\Windows\SYSTEM32\VERSION.dll
0x00007ffe112b0000 - 0x00007ffe112de000 	C:\Windows\System32\IMM32.DLL
0x00007ffe06a90000 - 0x00007ffe06a9c000 	C:\Program Files\Java\jdk-15.0.1\bin\vcruntime140_1.dll
0x00007ffde6140000 - 0x00007ffde61d1000 	C:\Program Files\Java\jdk-15.0.1\bin\msvcp140.dll
0x00007ffddc820000 - 0x00007ffddd37e000 	C:\Program Files\Java\jdk-15.0.1\bin\server\jvm.dll
0x00007ffe104d0000 - 0x00007ffe104d8000 	C:\Windows\System32\PSAPI.DLL
0x00007ffe0ce30000 - 0x00007ffe0ce39000 	C:\Windows\SYSTEM32\WSOCK32.dll
0x00007ffe113b0000 - 0x00007ffe1141f000 	C:\Windows\System32\WS2_32.dll
0x00007ffe0a4c0000 - 0x00007ffe0a4e4000 	C:\Windows\SYSTEM32\WINMM.dll
0x00007ffe0a490000 - 0x00007ffe0a4bd000 	C:\Windows\SYSTEM32\winmmbase.dll
0x00007ffe0f2a0000 - 0x00007ffe0f2ea000 	C:\Windows\System32\cfgmgr32.dll
0x00007ffe0ebb0000 - 0x00007ffe0ebc1000 	C:\Windows\System32\kernel.appcore.dll
0x00007ffe06a40000 - 0x00007ffe06a4a000 	C:\Program Files\Java\jdk-15.0.1\bin\jimage.dll
0x00007ffe0e430000 - 0x00007ffe0e624000 	C:\Windows\SYSTEM32\DBGHELP.DLL
0x00007ffe0e380000 - 0x00007ffe0e3aa000 	C:\Windows\SYSTEM32\dbgcore.DLL
0x00007ffe023c0000 - 0x00007ffe023ce000 	C:\Program Files\Java\jdk-15.0.1\bin\instrument.dll
0x00007ffdef3e0000 - 0x00007ffdef405000 	C:\Program Files\Java\jdk-15.0.1\bin\java.dll
0x00007ffe10970000 - 0x00007ffe11058000 	C:\Windows\System32\SHELL32.dll
0x00007ffe11060000 - 0x00007ffe11107000 	C:\Windows\System32\shcore.dll
0x00007ffe0f430000 - 0x00007ffe0fbab000 	C:\Windows\System32\windows.storage.dll
0x00007ffe0eb90000 - 0x00007ffe0ebae000 	C:\Windows\System32\profapi.dll
0x00007ffe0eb40000 - 0x00007ffe0eb8a000 	C:\Windows\System32\powrprof.dll
0x00007ffe0eb10000 - 0x00007ffe0eb20000 	C:\Windows\System32\UMPDC.dll
0x00007ffe0fd10000 - 0x00007ffe0fd62000 	C:\Windows\System32\shlwapi.dll
0x00007ffe0ebd0000 - 0x00007ffe0ebe7000 	C:\Windows\System32\cryptsp.dll
0x00007ffdf4500000 - 0x00007ffdf4518000 	C:\Program Files\Java\jdk-15.0.1\bin\zip.dll

dbghelp: loaded successfully - version: 4.0.5 - missing functions: none
symbol engine: initialized successfully - sym options: 0x614 - pdb path: .;C:\Program Files\Java\jdk-15.0.1\bin;C:\Windows\SYSTEM32;C:\Windows\WinSxS\amd64_microsoft.windows.common-controls_6595b64144ccf1df_6.0.18362.1500_none_9e79be6de462295c;C:\Program Files\Java\jdk-15.0.1\bin\server

VM Arguments:
jvm_args: -Dvisualvm.id=490212560832300 -Dmaven.multiModuleProjectDirectory=C:\Users\User\Downloads\demo -Dmaven.home=C:\Program Files\JetBrains\IntelliJ IDEA Community Edition 2020.2.4\plugins\maven\lib\maven3 -Dclassworlds.conf=C:\Program Files\JetBrains\IntelliJ IDEA Community Edition 2020.2.4\plugins\maven\lib\maven3\bin\m2.conf -Dmaven.ext.class.path=C:\Program Files\JetBrains\IntelliJ IDEA Community Edition 2020.2.4\plugins\maven\lib\maven-event-listener.jar -javaagent:C:\Program Files\JetBrains\IntelliJ IDEA Community Edition 2020.2.4\lib\idea_rt.jar=62637:C:\Program Files\JetBrains\IntelliJ IDEA Community Edition 2020.2.4\bin -Dfile.encoding=UTF-8 
java_command: org.codehaus.classworlds.Launcher -Didea.version=2020.2.4 clean
java_class_path (initial): C:\Program Files\JetBrains\IntelliJ IDEA Community Edition 2020.2.4\plugins\maven\lib\maven3\boot\plexus-classworlds-2.6.0.jar;C:\Program Files\JetBrains\IntelliJ IDEA Community Edition 2020.2.4\plugins\maven\lib\maven3\boot\plexus-classworlds.license
Launcher Type: SUN_STANDARD

[Global flags]
     intx CICompilerCount                          = 3                                         {product} {ergonomic}
     uint ConcGCThreads                            = 1                                         {product} {ergonomic}
     uint G1ConcRefinementThreads                  = 4                                         {product} {ergonomic}
   size_t G1HeapRegionSize                         = 1048576                                   {product} {ergonomic}
    uintx GCDrainStackTargetSize                   = 64                                        {product} {ergonomic}
   size_t InitialHeapSize                          = 67108864                                  {product} {ergonomic}
   size_t MarkStackSize                            = 4194304                                   {product} {ergonomic}
   size_t MaxHeapSize                              = 1054867456                                {product} {ergonomic}
   size_t MaxNewSize                               = 632291328                                 {product} {ergonomic}
   size_t MinHeapDeltaBytes                        = 1048576                                   {product} {ergonomic}
   size_t MinHeapSize                              = 8388608                                   {product} {ergonomic}
    uintx NonNMethodCodeHeapSize                   = 5832780                                {pd product} {ergonomic}
    uintx NonProfiledCodeHeapSize                  = 122912730                              {pd product} {ergonomic}
    uintx ProfiledCodeHeapSize                     = 122912730                              {pd product} {ergonomic}
    uintx ReservedCodeCacheSize                    = 251658240                              {pd product} {ergonomic}
     bool SegmentedCodeCache                       = true                                      {product} {ergonomic}
   size_t SoftMaxHeapSize                          = 1054867456                             {manageable} {ergonomic}
     bool UseCompressedClassPointers               = true                                 {lp64_product} {ergonomic}
     bool UseCompressedOops                        = true                                 {lp64_product} {ergonomic}
     bool UseG1GC                                  = true                                      {product} {ergonomic}
     bool UseLargePagesIndividualAllocation        = false                                  {pd product} {ergonomic}

Logging:
Log output configuration:
 #0: stdout all=warning uptime,level,tags
 #1: stderr all=off uptime,level,tags

Environment Variables:
PATH=C:\Program Files\Common Files\Oracle\Java\javapath;C:\Program Files (x86)\Common Files\Oracle\Java\javapath;C:\Program Files\Broadcom\Broadcom 802.11 Network Adapter;;C:\Windows\system32;C:\Windows;C:\Windows\System32\Wbem;C:\Windows\System32\WindowsPowerShell\v1.0\;C:\Windows\System32\OpenSSH\;C:\Program Files\nodejs\;C:\Program Files (x86)\Microsoft SQL Server\110\Tools\Binn\;C:\Program Files\Microsoft SQL Server\110\Tools\Binn\;C:\Program Files\Microsoft SQL Server\110\DTS\Binn\;C:\Program Files\MySQL\MySQL Shell 8.0\bin\;C:\Users\User\AppData\Local\Microsoft\WindowsApps;;C:\Users\User\AppData\Local\Programs\Microsoft VS Code\bin;C:\Users\User\AppData\Roaming\npm
USERNAME=User
OS=Windows_NT
PROCESSOR_IDENTIFIER=Intel64 Family 6 Model 61 Stepping 4, GenuineIntel



---------------  S Y S T E M  ---------------

OS:
 Windows 10 , 64 bit Build 18362 (10.0.18362.1500)
OS uptime: 5 days 16:09 hours

CPU: total 4 (initial active 4) (2 cores per cpu, 2 threads per core) family 6 model 61 stepping 4 microcode 0x2f, cmov, cx8, fxsr, mmx, sse, sse2, sse3, ssse3, sse4.1, sse4.2, popcnt, vzeroupper, avx, avx2, aes, clmul, erms, 3dnowpref, lzcnt, ht, tsc, tscinvbit, bmi1, bmi2, adx, fma, clflush

Memory: 4k page, system-wide physical 4016M (224M free)
TotalPageFile size 9032M (AvailPageFile size 0M)
current process WorkingSet (physical memory assigned to process): 29M, peak: 29M
current process commit charge ("private bytes"): 129M, peak: 130M

vm_info: Java HotSpot(TM) 64-Bit Server VM (15.0.1+9-18) for windows-amd64 JRE (15.0.1+9-18), built on Sep 15 2020 14:43:54 by "mach5one" with unknown MS VC++:1925

END.
