#
# There is insufficient memory for the Java Runtime Environment to continue.
# Native memory allocation (malloc) failed to allocate 1048576 bytes for AllocateHeap
# Possible reasons:
#   The system is out of physical RAM or swap space
#   The process is running with CompressedOops enabled, and the Java Heap may be blocking the growth of the native heap
# Possible solutions:
#   Reduce memory load on the system
#   Increase physical memory or swap space
#   Check if swap backing store is full
#   Decrease Java heap size (-Xmx/-Xms)
#   Decrease number of Java threads
#   Decrease Java thread stack sizes (-Xss)
#   Set larger code cache with -XX:ReservedCodeCacheSize=
#   JVM is running with Unscaled Compressed Oops mode in which the Java heap is
#     placed in the first 4GB address space. The Java Heap base address is the
#     maximum limit for the native heap growth. Please use -XX:HeapBaseMinAddress
#     to set the Java Heap base and to place the Java Heap above 4GB virtual address.
# This output file may be truncated or incomplete.
#
#  Out of Memory Error (./open/src/hotspot/share/memory/allocation.cpp:44), pid=8292, tid=16816
#
# JRE version: Java(TM) SE Runtime Environment (15.0.1+9) (build 15.0.1+9-18)
# Java VM: Java HotSpot(TM) 64-Bit Server VM (15.0.1+9-18, mixed mode, sharing, tiered, compressed oops, g1 gc, windows-amd64)
# No core dump will be written. Minidumps are not enabled by default on client versions of Windows
#

---------------  S U M M A R Y ------------

Command Line: -Dvisualvm.id=490205905833100 -Dmaven.multiModuleProjectDirectory=C:\Users\User\Downloads\demo -Dmaven.home=C:\Program Files\JetBrains\IntelliJ IDEA Community Edition 2020.2.4\plugins\maven\lib\maven3 -Dclassworlds.conf=C:\Program Files\JetBrains\IntelliJ IDEA Community Edition 2020.2.4\plugins\maven\lib\maven3\bin\m2.conf -Dmaven.ext.class.path=C:\Program Files\JetBrains\IntelliJ IDEA Community Edition 2020.2.4\plugins\maven\lib\maven-event-listener.jar -javaagent:C:\Program Files\JetBrains\IntelliJ IDEA Community Edition 2020.2.4\lib\idea_rt.jar=57688:C:\Program Files\JetBrains\IntelliJ IDEA Community Edition 2020.2.4\bin -Dfile.encoding=UTF-8 org.codehaus.classworlds.Launcher -Didea.version=2020.2.4 clean

Host: Intel(R) Core(TM) i5-5200U CPU @ 2.20GHz, 4 cores, 3G,  Windows 10 , 64 bit Build 18362 (10.0.18362.1500)
Time: Mon Aug  2 10:29:38 2021 Egypt Standard Time elapsed time: 0.686059 seconds (0d 0h 0m 0s)

---------------  T H R E A D  ---------------

Current thread (0x000001abfcf51730):  VMThread "VM Thread" [stack: 0x0000008851a00000,0x0000008851b00000] [id=16816]

Stack: [0x0000008851a00000,0x0000008851b00000]
[error occurred during error reporting (printing stack bounds), id 0xc0000005, EXCEPTION_ACCESS_VIOLATION (0xc0000005) at pc=0x000001ab800010ad]

Native frames: (J=compiled Java code, j=interpreted, Vv=VM code, C=native code)
V  [jvm.dll+0x62ae9a]
V  [jvm.dll+0x781389]
V  [jvm.dll+0x782ae3]
V  [jvm.dll+0x7830a5]
V  [jvm.dll+0x78305b]
V  [jvm.dll+0x62a2b9]
V  [jvm.dll+0x62aa88]
C  [ntdll.dll+0xa1fff]
C  [ntdll.dll+0x6aad9]
C  [ntdll.dll+0xa0c6e]
C  0x000001ab800010ad

VM_Operation (0x00000088521fe4f0): CollectForMetadataAllocation, mode: safepoint, requested by thread 0x000001abfcf7b690


---------------  P R O C E S S  ---------------

Threads class SMR info:
_java_thread_list=0x000001abfdd44ed0, length=10, elements={
0x000001abee3d0f50, 0x000001abfcf55670, 0x000001abfcf56150, 0x000001abfcf6efe0,
0x000001abfcf719b0, 0x000001abfcf72370, 0x000001abfcf74070, 0x000001abfcf7b690,
0x000001abfcfdc7c0, 0x000001abfcf4d250
}

Java Threads: ( => current thread )
  0x000001abee3d0f50 JavaThread "main" [_thread_blocked, id=12056, stack(0x0000008851400000,0x0000008851500000)]
  0x000001abfcf55670 JavaThread "Reference Handler" daemon [_thread_blocked, id=9276, stack(0x0000008851b00000,0x0000008851c00000)]
  0x000001abfcf56150 JavaThread "Finalizer" daemon [_thread_blocked, id=17296, stack(0x0000008851c00000,0x0000008851d00000)]
  0x000001abfcf6efe0 JavaThread "Signal Dispatcher" daemon [_thread_blocked, id=768, stack(0x0000008851d00000,0x0000008851e00000)]
  0x000001abfcf719b0 JavaThread "Attach Listener" daemon [_thread_blocked, id=9748, stack(0x0000008851e00000,0x0000008851f00000)]
  0x000001abfcf72370 JavaThread "Service Thread" daemon [_thread_blocked, id=6756, stack(0x0000008851f00000,0x0000008852000000)]
  0x000001abfcf74070 JavaThread "C2 CompilerThread0" daemon [_thread_blocked, id=14824, stack(0x0000008852000000,0x0000008852100000)]
  0x000001abfcf7b690 JavaThread "C1 CompilerThread0" daemon [_thread_blocked, id=15480, stack(0x0000008852100000,0x0000008852200000)]
  0x000001abfcfdc7c0 JavaThread "Sweeper thread" daemon [_thread_blocked, id=8456, stack(0x0000008852200000,0x0000008852300000)]
  0x000001abfcf4d250 JavaThread "Common-Cleaner" daemon [_thread_blocked, id=15952, stack(0x0000008852300000,0x0000008852400000)]

Other Threads:
=>0x000001abfcf51730 VMThread "VM Thread" [stack: 0x0000008851a00000,0x0000008851b00000] [id=16816]
  0x000001abee3fff70 GCTaskThread "GC Thread#0" [stack: 0x0000008851500000,0x0000008851600000] [id=15776]
  0x000001abfdd7f7c0 GCTaskThread "GC Thread#1" [stack: 0x0000008852400000,0x0000008852500000] [id=1748]
  0x000001abee40c5e0 ConcurrentGCThread "G1 Main Marker" [stack: 0x0000008851600000,0x0000008851700000] [id=5424]
  0x000001abee40d0e0 ConcurrentGCThread "G1 Conc#0" [stack: 0x0000008851700000,0x0000008851800000] [id=7376]
  0x000001abee459ec0 ConcurrentGCThread "G1 Refine#0" [stack: 0x0000008851800000,0x0000008851900000] [id=14696]
  0x000001abee45a9d0 ConcurrentGCThread "G1 Young RemSet Sampling" [stack: 0x0000008851900000,0x0000008851a00000] [id=11748]

Threads with active compile tasks:
C1 CompilerThread0      706   61       3       java.lang.invoke.MethodType$ConcurrentWeakInternSet::expungeStaleElements (27 bytes)

VM state: at safepoint (normal execution)

VM Mutex/Monitor currently owned by a thread:  ([mutex/lock_event])
[0x000001abee3ce430] Threads_lock - owner thread: 0x000001abfcf51730
[0x000001abee3ce9d0] Heap_lock - owner thread: 0x000001abfcf7b690
[0x000001abee3ce3a0] MethodData_lock - owner thread: 0x000001abfcf7b690

Heap address: 0x00000000c1200000, size: 1006 MB, Compressed Oops mode: 32-bit
CDS archive(s) mapped at: [0x0000000800000000-0x0000000800b50000-0x0000000800b50000), size 11862016, SharedBaseAddress: 0x0000000800000000, ArchiveRelocationMode: 0.
Compressed class space mapped at: 0x0000000800b50000-0x0000000840b50000, size: 1073741824
Narrow klass base: 0x0000000800000000, Narrow klass shift: 3, Narrow klass range: 0x100000000

GC Precious Log:
 CPUs: 4 total, 4 available
 Memory: 4016M
 Large Page Support: Disabled
 NUMA Support: Disabled
 Compressed Oops: Enabled (32-bit)
 Heap Region Size: 1M
 Heap Min Capacity: 8M
 Heap Initial Capacity: 64M
 Heap Max Capacity: 1006M
 Pre-touch: Disabled
 Parallel Workers: 4
 Concurrent Workers: 1
 Concurrent Refinement Workers: 4
 Periodic GC: Disabled

Heap:
 garbage-first heap   total 65536K, used 480K [0x00000000c1200000, 0x0000000100000000)
  region size 1024K, 1 young (1024K), 1 survivors (1024K)
 Metaspace       used 224K, capacity 595K, committed 768K, reserved 1069056K
  class space    used 17K, capacity 385K, committed 512K, reserved 1048576K

Heap Regions: E=young(eden), S=young(survivor), O=old, HS=humongous(starts), HC=humongous(continues), CS=collection set, F=free, OA=open archive, CA=closed archive, TAMS=top-at-mark-start (previous, next)
|   0|0x00000000c1200000, 0x00000000c1200000, 0x00000000c1300000|  0%| F|  |TAMS 0x00000000c1200000, 0x00000000c1200000| Untracked 
|   1|0x00000000c1300000, 0x00000000c1300000, 0x00000000c1400000|  0%| F|  |TAMS 0x00000000c1300000, 0x00000000c1300000| Untracked 
|   2|0x00000000c1400000, 0x00000000c1400000, 0x00000000c1500000|  0%| F|  |TAMS 0x00000000c1400000, 0x00000000c1400000| Untracked 
|   3|0x00000000c1500000, 0x00000000c1500000, 0x00000000c1600000|  0%| F|  |TAMS 0x00000000c1500000, 0x00000000c1500000| Untracked 
|   4|0x00000000c1600000, 0x00000000c1600000, 0x00000000c1700000|  0%| F|  |TAMS 0x00000000c1600000, 0x00000000c1600000| Untracked 
|   5|0x00000000c1700000, 0x00000000c1700000, 0x00000000c1800000|  0%| F|  |TAMS 0x00000000c1700000, 0x00000000c1700000| Untracked 
|   6|0x00000000c1800000, 0x00000000c1800000, 0x00000000c1900000|  0%| F|  |TAMS 0x00000000c1800000, 0x00000000c1800000| Untracked 
|   7|0x00000000c1900000, 0x00000000c1900000, 0x00000000c1a00000|  0%| F|  |TAMS 0x00000000c1900000, 0x00000000c1900000| Untracked 
|   8|0x00000000c1a00000, 0x00000000c1a00000, 0x00000000c1b00000|  0%| F|  |TAMS 0x00000000c1a00000, 0x00000000c1a00000| Untracked 
|   9|0x00000000c1b00000, 0x00000000c1b00000, 0x00000000c1c00000|  0%| F|  |TAMS 0x00000000c1b00000, 0x00000000c1b00000| Untracked 
|  10|0x00000000c1c00000, 0x00000000c1c00000, 0x00000000c1d00000|  0%| F|  |TAMS 0x00000000c1c00000, 0x00000000c1c00000| Untracked 
|  11|0x00000000c1d00000, 0x00000000c1d00000, 0x00000000c1e00000|  0%| F|  |TAMS 0x00000000c1d00000, 0x00000000c1d00000| Untracked 
|  12|0x00000000c1e00000, 0x00000000c1e00000, 0x00000000c1f00000|  0%| F|  |TAMS 0x00000000c1e00000, 0x00000000c1e00000| Untracked 
|  13|0x00000000c1f00000, 0x00000000c1f00000, 0x00000000c2000000|  0%| F|  |TAMS 0x00000000c1f00000, 0x00000000c1f00000| Untracked 
|  14|0x00000000c2000000, 0x00000000c2000000, 0x00000000c2100000|  0%| F|  |TAMS 0x00000000c2000000, 0x00000000c2000000| Untracked 
|  15|0x00000000c2100000, 0x00000000c2100000, 0x00000000c2200000|  0%| F|  |TAMS 0x00000000c2100000, 0x00000000c2100000| Untracked 
|  16|0x00000000c2200000, 0x00000000c2200000, 0x00000000c2300000|  0%| F|  |TAMS 0x00000000c2200000, 0x00000000c2200000| Untracked 
|  17|0x00000000c2300000, 0x00000000c2300000, 0x00000000c2400000|  0%| F|  |TAMS 0x00000000c2300000, 0x00000000c2300000| Untracked 
|  18|0x00000000c2400000, 0x00000000c2400000, 0x00000000c2500000|  0%| F|  |TAMS 0x00000000c2400000, 0x00000000c2400000| Untracked 
|  19|0x00000000c2500000, 0x00000000c2500000, 0x00000000c2600000|  0%| F|  |TAMS 0x00000000c2500000, 0x00000000c2500000| Untracked 
|  20|0x00000000c2600000, 0x00000000c2600000, 0x00000000c2700000|  0%| F|  |TAMS 0x00000000c2600000, 0x00000000c2600000| Untracked 
|  21|0x00000000c2700000, 0x00000000c2700000, 0x00000000c2800000|  0%| F|  |TAMS 0x00000000c2700000, 0x00000000c2700000| Untracked 
|  22|0x00000000c2800000, 0x00000000c2800000, 0x00000000c2900000|  0%| F|  |TAMS 0x00000000c2800000, 0x00000000c2800000| Untracked 
|  23|0x00000000c2900000, 0x00000000c2900000, 0x00000000c2a00000|  0%| F|  |TAMS 0x00000000c2900000, 0x00000000c2900000| Untracked 
|  24|0x00000000c2a00000, 0x00000000c2a00000, 0x00000000c2b00000|  0%| F|  |TAMS 0x00000000c2a00000, 0x00000000c2a00000| Untracked 
|  25|0x00000000c2b00000, 0x00000000c2b00000, 0x00000000c2c00000|  0%| F|  |TAMS 0x00000000c2b00000, 0x00000000c2b00000| Untracked 
|  26|0x00000000c2c00000, 0x00000000c2c00000, 0x00000000c2d00000|  0%| F|  |TAMS 0x00000000c2c00000, 0x00000000c2c00000| Untracked 
|  27|0x00000000c2d00000, 0x00000000c2d00000, 0x00000000c2e00000|  0%| F|  |TAMS 0x00000000c2d00000, 0x00000000c2d00000| Untracked 
|  28|0x00000000c2e00000, 0x00000000c2e00000, 0x00000000c2f00000|  0%| F|  |TAMS 0x00000000c2e00000, 0x00000000c2e00000| Untracked 
|  29|0x00000000c2f00000, 0x00000000c2f00000, 0x00000000c3000000|  0%| F|  |TAMS 0x00000000c2f00000, 0x00000000c2f00000| Untracked 
|  30|0x00000000c3000000, 0x00000000c3000000, 0x00000000c3100000|  0%| F|  |TAMS 0x00000000c3000000, 0x00000000c3000000| Untracked 
|  31|0x00000000c3100000, 0x00000000c3100000, 0x00000000c3200000|  0%| F|  |TAMS 0x00000000c3100000, 0x00000000c3100000| Untracked 
|  32|0x00000000c3200000, 0x00000000c3200000, 0x00000000c3300000|  0%| F|  |TAMS 0x00000000c3200000, 0x00000000c3200000| Untracked 
|  33|0x00000000c3300000, 0x00000000c3300000, 0x00000000c3400000|  0%| F|  |TAMS 0x00000000c3300000, 0x00000000c3300000| Untracked 
|  34|0x00000000c3400000, 0x00000000c3400000, 0x00000000c3500000|  0%| F|  |TAMS 0x00000000c3400000, 0x00000000c3400000| Untracked 
|  35|0x00000000c3500000, 0x00000000c3500000, 0x00000000c3600000|  0%| F|  |TAMS 0x00000000c3500000, 0x00000000c3500000| Untracked 
|  36|0x00000000c3600000, 0x00000000c3600000, 0x00000000c3700000|  0%| F|  |TAMS 0x00000000c3600000, 0x00000000c3600000| Untracked 
|  37|0x00000000c3700000, 0x00000000c3700000, 0x00000000c3800000|  0%| F|  |TAMS 0x00000000c3700000, 0x00000000c3700000| Untracked 
|  38|0x00000000c3800000, 0x00000000c3800000, 0x00000000c3900000|  0%| F|  |TAMS 0x00000000c3800000, 0x00000000c3800000| Untracked 
|  39|0x00000000c3900000, 0x00000000c3900000, 0x00000000c3a00000|  0%| F|  |TAMS 0x00000000c3900000, 0x00000000c3900000| Untracked 
|  40|0x00000000c3a00000, 0x00000000c3a00000, 0x00000000c3b00000|  0%| F|  |TAMS 0x00000000c3a00000, 0x00000000c3a00000| Untracked 
|  41|0x00000000c3b00000, 0x00000000c3b00000, 0x00000000c3c00000|  0%| F|  |TAMS 0x00000000c3b00000, 0x00000000c3b00000| Untracked 
|  42|0x00000000c3c00000, 0x00000000c3c00000, 0x00000000c3d00000|  0%| F|  |TAMS 0x00000000c3c00000, 0x00000000c3c00000| Untracked 
|  43|0x00000000c3d00000, 0x00000000c3d00000, 0x00000000c3e00000|  0%| F|  |TAMS 0x00000000c3d00000, 0x00000000c3d00000| Untracked 
|  44|0x00000000c3e00000, 0x00000000c3e00000, 0x00000000c3f00000|  0%| F|  |TAMS 0x00000000c3e00000, 0x00000000c3e00000| Untracked 
|  45|0x00000000c3f00000, 0x00000000c3f00000, 0x00000000c4000000|  0%| F|  |TAMS 0x00000000c3f00000, 0x00000000c3f00000| Untracked 
|  46|0x00000000c4000000, 0x00000000c4000000, 0x00000000c4100000|  0%| F|  |TAMS 0x00000000c4000000, 0x00000000c4000000| Untracked 
|  47|0x00000000c4100000, 0x00000000c4100000, 0x00000000c4200000|  0%| F|  |TAMS 0x00000000c4100000, 0x00000000c4100000| Untracked 
|  48|0x00000000c4200000, 0x00000000c4200000, 0x00000000c4300000|  0%| F|  |TAMS 0x00000000c4200000, 0x00000000c4200000| Untracked 
|  49|0x00000000c4300000, 0x00000000c4300000, 0x00000000c4400000|  0%| F|  |TAMS 0x00000000c4300000, 0x00000000c4300000| Untracked 
|  50|0x00000000c4400000, 0x00000000c4400000, 0x00000000c4500000|  0%| F|  |TAMS 0x00000000c4400000, 0x00000000c4400000| Untracked 
|  51|0x00000000c4500000, 0x00000000c4500000, 0x00000000c4600000|  0%| F|  |TAMS 0x00000000c4500000, 0x00000000c4500000| Untracked 
|  52|0x00000000c4600000, 0x00000000c4600000, 0x00000000c4700000|  0%| F|  |TAMS 0x00000000c4600000, 0x00000000c4600000| Untracked 
|  53|0x00000000c4700000, 0x00000000c4700000, 0x00000000c4800000|  0%| F|  |TAMS 0x00000000c4700000, 0x00000000c4700000| Untracked 
|  54|0x00000000c4800000, 0x00000000c4800000, 0x00000000c4900000|  0%| F|  |TAMS 0x00000000c4800000, 0x00000000c4800000| Untracked 
|  55|0x00000000c4900000, 0x00000000c4900000, 0x00000000c4a00000|  0%| F|  |TAMS 0x00000000c4900000, 0x00000000c4900000| Untracked 
|  56|0x00000000c4a00000, 0x00000000c4a00000, 0x00000000c4b00000|  0%| F|  |TAMS 0x00000000c4a00000, 0x00000000c4a00000| Untracked 
|  57|0x00000000c4b00000, 0x00000000c4b00000, 0x00000000c4c00000|  0%| F|  |TAMS 0x00000000c4b00000, 0x00000000c4b00000| Untracked 
|  58|0x00000000c4c00000, 0x00000000c4c00000, 0x00000000c4d00000|  0%| F|  |TAMS 0x00000000c4c00000, 0x00000000c4c00000| Untracked 
|  59|0x00000000c4d00000, 0x00000000c4d00000, 0x00000000c4e00000|  0%| F|  |TAMS 0x00000000c4d00000, 0x00000000c4d00000| Untracked 
|  60|0x00000000c4e00000, 0x00000000c4e00000, 0x00000000c4f00000|  0%| F|  |TAMS 0x00000000c4e00000, 0x00000000c4e00000| Untracked 
|  61|0x00000000c4f00000, 0x00000000c4f00000, 0x00000000c5000000|  0%| F|  |TAMS 0x00000000c4f00000, 0x00000000c4f00000| Untracked 
|  62|0x00000000c5000000, 0x00000000c5078040, 0x00000000c5100000| 46%| S|CS|TAMS 0x00000000c5000000, 0x00000000c5000000| Complete 
|  63|0x00000000c5100000, 0x00000000c5100000, 0x00000000c5200000|  0%| F|  |TAMS 0x00000000c5100000, 0x00000000c5100000| Untracked 

Card table byte_map: [0x000001abf8620000,0x000001abf8820000] _byte_map_base: 0x000001abf8017000

Marking Bits (Prev, Next): (CMBitMap*) 0x000001abee402710, (CMBitMap*) 0x000001abee402750
 Prev Bits: [0x000001abf8a20000, 0x000001abf99d8000)
 Next Bits: [0x000001abf99e0000, 0x000001abfa998000)

Polling page: 0x000001abee4a0000

Metaspace:

Usage:
  Non-class:    210.00 KB capacity,   206.98 KB ( 99%) used,     2.45 KB (  1%) free+waste,   576 bytes ( <1%) overhead. 
      Class:    385.00 KB capacity,    17.88 KB (  5%) used,   366.99 KB ( 95%) free+waste,   128 bytes ( <1%) overhead. 
       Both:    595.00 KB capacity,   224.87 KB ( 38%) used,   369.45 KB ( 62%) free+waste,   704 bytes ( <1%) overhead. 

Virtual space:
  Non-class space:       20.00 MB reserved,     256.00 KB (  1%) committed 
      Class space:        1.00 GB reserved,     512.00 KB ( <1%) committed 
             Both:        1.02 GB reserved,     768.00 KB ( <1%) committed 

Chunk freelists:
   Non-Class:  46.00 KB
       Class:  0 bytes
        Both:  46.00 KB

MaxMetaspaceSize: 17179869184.00 GB
CompressedClassSpaceSize: 1.00 GB

CodeHeap 'non-profiled nmethods': size=120000Kb used=21Kb max_used=21Kb free=119978Kb
 bounds [0x000001ab87ad0000, 0x000001ab87d40000, 0x000001ab8f000000]
CodeHeap 'profiled nmethods': size=120000Kb used=59Kb max_used=59Kb free=119941Kb
 bounds [0x000001ab805a0000, 0x000001ab80810000, 0x000001ab87ad0000]
CodeHeap 'non-nmethods': size=5760Kb used=1084Kb max_used=1084Kb free=4675Kb
 bounds [0x000001ab80000000, 0x000001ab80270000, 0x000001ab805a0000]
 total_blobs=378 nmethods=60 adapters=231
 compilation: enabled
              stopped_count=0, restarted_count=0
 full_count=0

Compilation events (20 events):
Event: 0.658 Thread 0x000001abfcf7b690 nmethod 41 0x000001ab805abe90 code [0x000001ab805ac040, 0x000001ab805ac258]
Event: 0.658 Thread 0x000001abfcf7b690   43       1       java.lang.Class::getClassLoader0 (5 bytes)
Event: 0.658 Thread 0x000001abfcf7b690 nmethod 43 0x000001ab87ad3590 code [0x000001ab87ad3720, 0x000001ab87ad37d8]
Event: 0.662 Thread 0x000001abfcf7b690   46       1       java.lang.invoke.MethodType::returnType (5 bytes)
Event: 0.663 Thread 0x000001abfcf7b690 nmethod 46 0x000001ab87ad3b90 code [0x000001ab87ad3d20, 0x000001ab87ad3dd8]
Event: 0.669 Thread 0x000001abfcf7b690   50       3       java.lang.invoke.MethodTypeForm::canonicalize (233 bytes)
Event: 0.671 Thread 0x000001abfcf7b690 nmethod 50 0x000001ab805ac310 code [0x000001ab805ac580, 0x000001ab805ad058]
Event: 0.671 Thread 0x000001abfcf7b690   51       3       java.lang.String::getBytes (44 bytes)
Event: 0.672 Thread 0x000001abfcf7b690 nmethod 51 0x000001ab805ad310 code [0x000001ab805ad4e0, 0x000001ab805ad7b8]
Event: 0.672 Thread 0x000001abfcf7b690   52       3       java.lang.invoke.MemberName::testFlags (16 bytes)
Event: 0.672 Thread 0x000001abfcf7b690 nmethod 52 0x000001ab805ad910 code [0x000001ab805adaa0, 0x000001ab805adbf8]
Event: 0.673 Thread 0x000001abfcf7b690   57       3       java.lang.Math::min (11 bytes)
Event: 0.673 Thread 0x000001abfcf7b690 nmethod 57 0x000001ab805adc90 code [0x000001ab805ade20, 0x000001ab805adf58]
Event: 0.673 Thread 0x000001abfcf7b690   58   !   3       java.lang.ref.ReferenceQueue::poll (28 bytes)
Event: 0.674 Thread 0x000001abfcf7b690 nmethod 58 0x000001ab805ae010 code [0x000001ab805ae1c0, 0x000001ab805ae428]
Event: 0.676 Thread 0x000001abfcf7b690   59       1       java.lang.invoke.MemberName::getDeclaringClass (5 bytes)
Event: 0.676 Thread 0x000001abfcf7b690 nmethod 59 0x000001ab87ad5390 code [0x000001ab87ad5520, 0x000001ab87ad55d8]
Event: 0.676 Thread 0x000001abfcf7b690   60       3       java.lang.invoke.MethodType::hashCode (53 bytes)
Event: 0.677 Thread 0x000001abfcf7b690 nmethod 60 0x000001ab805ae510 code [0x000001ab805ae6e0, 0x000001ab805aea58]
Event: 0.677 Thread 0x000001abfcf7b690   61       3       java.lang.invoke.MethodType$ConcurrentWeakInternSet::expungeStaleElements (27 bytes)

GC Heap History (2 events):
Event: 0.678 GC heap before
{Heap before GC invocations=0 (full 0):
 garbage-first heap   total 65536K, used 0K [0x00000000c1200000, 0x0000000100000000)
  region size 1024K, 1 young (1024K), 0 survivors (0K)
 Metaspace       used 224K, capacity 595K, committed 768K, reserved 1067008K
  class space    used 17K, capacity 385K, committed 512K, reserved 1048576K
}
Event: 0.681 GC heap after
{Heap after GC invocations=1 (full 0):
 garbage-first heap   total 65536K, used 480K [0x00000000c1200000, 0x0000000100000000)
  region size 1024K, 1 young (1024K), 1 survivors (1024K)
 Metaspace       used 224K, capacity 595K, committed 768K, reserved 1067008K
  class space    used 17K, capacity 385K, committed 512K, reserved 1048576K
}

Deoptimization events (0 events):
No events

Classes unloaded (0 events):
No events

Classes redefined (0 events):
No events

Internal exceptions (0 events):
No events

Events (14 events):
Event: 0.098 Loaded shared library C:\Program Files\Java\jdk-15.0.1\bin\java.dll
Event: 0.272 Thread 0x000001abee3d0f50 Thread added: 0x000001abee3d0f50
Event: 0.349 Thread 0x000001abfcf55670 Thread added: 0x000001abfcf55670
Event: 0.349 Thread 0x000001abfcf56150 Thread added: 0x000001abfcf56150
Event: 0.373 loading class sun/nio/cs/UTF_8$Encoder
Event: 0.378 loading class sun/nio/cs/UTF_8$Encoder done
Event: 0.410 Thread 0x000001abfcf6efe0 Thread added: 0x000001abfcf6efe0
Event: 0.410 Thread 0x000001abfcf719b0 Thread added: 0x000001abfcf719b0
Event: 0.411 Thread 0x000001abfcf72370 Thread added: 0x000001abfcf72370
Event: 0.412 Thread 0x000001abfcf74070 Thread added: 0x000001abfcf74070
Event: 0.414 Thread 0x000001abfcf7b690 Thread added: 0x000001abfcf7b690
Event: 0.419 Thread 0x000001abfcfdc7c0 Thread added: 0x000001abfcfdc7c0
Event: 0.666 Thread 0x000001abfcf4d250 Thread added: 0x000001abfcf4d250
Event: 0.678 Executing VM operation: CollectForMetadataAllocation


Dynamic libraries:
0x00007ff683bc0000 - 0x00007ff683bcf000 	C:\Program Files\Java\jdk-15.0.1\bin\java.exe
0x00007ffe11c60000 - 0x00007ffe11e50000 	C:\Windows\SYSTEM32\ntdll.dll
0x00007ffe112e0000 - 0x00007ffe11392000 	C:\Windows\System32\KERNEL32.DLL
0x00007ffe0ec50000 - 0x00007ffe0eef5000 	C:\Windows\System32\KERNELBASE.dll
0x00007ffe0f1a0000 - 0x00007ffe0f29a000 	C:\Windows\System32\ucrtbase.dll
0x00007ffdf4ba0000 - 0x00007ffdf4bb9000 	C:\Program Files\Java\jdk-15.0.1\bin\VCRUNTIME140.dll
0x00007ffdf4ae0000 - 0x00007ffdf4af8000 	C:\Program Files\Java\jdk-15.0.1\bin\jli.dll
0x00007ffe11830000 - 0x00007ffe118d3000 	C:\Windows\System32\ADVAPI32.dll
0x00007ffe11a20000 - 0x00007ffe11abe000 	C:\Windows\System32\msvcrt.dll
0x00007ffe108d0000 - 0x00007ffe10967000 	C:\Windows\System32\sechost.dll
0x00007ffe11190000 - 0x00007ffe112af000 	C:\Windows\System32\RPCRT4.dll
0x00007ffe11630000 - 0x00007ffe117c4000 	C:\Windows\System32\USER32.dll
0x00007ffe0ef00000 - 0x00007ffe0ef21000 	C:\Windows\System32\win32u.dll
0x00007ffe11600000 - 0x00007ffe11626000 	C:\Windows\System32\GDI32.dll
0x00007ffe0f000000 - 0x00007ffe0f198000 	C:\Windows\System32\gdi32full.dll
0x00007ffe0ef30000 - 0x00007ffe0efce000 	C:\Windows\System32\msvcp_win.dll
0x00007ffe0dfd0000 - 0x00007ffe0e254000 	C:\Windows\WinSxS\amd64_microsoft.windows.common-controls_6595b64144ccf1df_6.0.18362.1500_none_9e79be6de462295c\COMCTL32.dll
0x00007ffe10590000 - 0x00007ffe108c6000 	C:\Windows\System32\combase.dll
0x00007ffe0f3a0000 - 0x00007ffe0f421000 	C:\Windows\System32\bcryptPrimitives.dll
0x00007ffe05210000 - 0x00007ffe0521a000 	C:\Windows\SYSTEM32\VERSION.dll
0x00007ffe112b0000 - 0x00007ffe112de000 	C:\Windows\System32\IMM32.DLL
0x00007ffe06a90000 - 0x00007ffe06a9c000 	C:\Program Files\Java\jdk-15.0.1\bin\vcruntime140_1.dll
0x00007ffde6140000 - 0x00007ffde61d1000 	C:\Program Files\Java\jdk-15.0.1\bin\msvcp140.dll
0x00007ffddc820000 - 0x00007ffddd37e000 	C:\Program Files\Java\jdk-15.0.1\bin\server\jvm.dll
0x00007ffe104d0000 - 0x00007ffe104d8000 	C:\Windows\System32\PSAPI.DLL
0x00007ffe0a4c0000 - 0x00007ffe0a4e4000 	C:\Windows\SYSTEM32\WINMM.dll
0x00007ffe0a490000 - 0x00007ffe0a4bd000 	C:\Windows\SYSTEM32\WINMMBASE.dll
0x00007ffe0ce30000 - 0x00007ffe0ce39000 	C:\Windows\SYSTEM32\WSOCK32.dll
0x00007ffe0f2a0000 - 0x00007ffe0f2ea000 	C:\Windows\System32\cfgmgr32.dll
0x00007ffe113b0000 - 0x00007ffe1141f000 	C:\Windows\System32\ws2_32.DLL
0x00007ffe0ebb0000 - 0x00007ffe0ebc1000 	C:\Windows\System32\kernel.appcore.dll
0x00007ffe06a40000 - 0x00007ffe06a4a000 	C:\Program Files\Java\jdk-15.0.1\bin\jimage.dll
0x00007ffe0e430000 - 0x00007ffe0e624000 	C:\Windows\SYSTEM32\DBGHELP.DLL
0x00007ffe0e380000 - 0x00007ffe0e3aa000 	C:\Windows\SYSTEM32\dbgcore.DLL
0x00007ffe023c0000 - 0x00007ffe023ce000 	C:\Program Files\Java\jdk-15.0.1\bin\instrument.dll
0x00007ffdef3e0000 - 0x00007ffdef405000 	C:\Program Files\Java\jdk-15.0.1\bin\java.dll
0x00007ffe10970000 - 0x00007ffe11058000 	C:\Windows\System32\SHELL32.dll
0x00007ffe11060000 - 0x00007ffe11107000 	C:\Windows\System32\shcore.dll
0x00007ffe0f430000 - 0x00007ffe0fbab000 	C:\Windows\System32\windows.storage.dll
0x00007ffe0eb90000 - 0x00007ffe0ebae000 	C:\Windows\System32\profapi.dll
0x00007ffe0eb40000 - 0x00007ffe0eb8a000 	C:\Windows\System32\powrprof.dll
0x00007ffe0eb10000 - 0x00007ffe0eb20000 	C:\Windows\System32\UMPDC.dll
0x00007ffe0fd10000 - 0x00007ffe0fd62000 	C:\Windows\System32\shlwapi.dll
0x00007ffe0ebd0000 - 0x00007ffe0ebe7000 	C:\Windows\System32\cryptsp.dll

dbghelp: loaded successfully - version: 4.0.5 - missing functions: none
symbol engine: initialized successfully - sym options: 0x614 - pdb path: .;C:\Program Files\Java\jdk-15.0.1\bin;C:\Windows\SYSTEM32;C:\Windows\WinSxS\amd64_microsoft.windows.common-controls_6595b64144ccf1df_6.0.18362.1500_none_9e79be6de462295c;C:\Program Files\Java\jdk-15.0.1\bin\server

VM Arguments:
jvm_args: -Dvisualvm.id=490205905833100 -Dmaven.multiModuleProjectDirectory=C:\Users\User\Downloads\demo -Dmaven.home=C:\Program Files\JetBrains\IntelliJ IDEA Community Edition 2020.2.4\plugins\maven\lib\maven3 -Dclassworlds.conf=C:\Program Files\JetBrains\IntelliJ IDEA Community Edition 2020.2.4\plugins\maven\lib\maven3\bin\m2.conf -Dmaven.ext.class.path=C:\Program Files\JetBrains\IntelliJ IDEA Community Edition 2020.2.4\plugins\maven\lib\maven-event-listener.jar -javaagent:C:\Program Files\JetBrains\IntelliJ IDEA Community Edition 2020.2.4\lib\idea_rt.jar=57688:C:\Program Files\JetBrains\IntelliJ IDEA Community Edition 2020.2.4\bin -Dfile.encoding=UTF-8 
java_command: org.codehaus.classworlds.Launcher -Didea.version=2020.2.4 clean
java_class_path (initial): C:\Program Files\JetBrains\IntelliJ IDEA Community Edition 2020.2.4\plugins\maven\lib\maven3\boot\plexus-classworlds-2.6.0.jar;C:\Program Files\JetBrains\IntelliJ IDEA Community Edition 2020.2.4\plugins\maven\lib\maven3\boot\plexus-classworlds.license
Launcher Type: SUN_STANDARD

[Global flags]
     intx CICompilerCount                          = 3                                         {product} {ergonomic}
     uint ConcGCThreads                            = 1                                         {product} {ergonomic}
     uint G1ConcRefinementThreads                  = 4                                         {product} {ergonomic}
   size_t G1HeapRegionSize                         = 1048576                                   {product} {ergonomic}
    uintx GCDrainStackTargetSize                   = 64                                        {product} {ergonomic}
   size_t InitialHeapSize                          = 67108864                                  {product} {ergonomic}
   size_t MarkStackSize                            = 4194304                                   {product} {ergonomic}
   size_t MaxHeapSize                              = 1054867456                                {product} {ergonomic}
   size_t MaxNewSize                               = 632291328                                 {product} {ergonomic}
   size_t MinHeapDeltaBytes                        = 1048576                                   {product} {ergonomic}
   size_t MinHeapSize                              = 8388608                                   {product} {ergonomic}
    uintx NonNMethodCodeHeapSize                   = 5832780                                {pd product} {ergonomic}
    uintx NonProfiledCodeHeapSize                  = 122912730                              {pd product} {ergonomic}
    uintx ProfiledCodeHeapSize                     = 122912730                              {pd product} {ergonomic}
    uintx ReservedCodeCacheSize                    = 251658240                              {pd product} {ergonomic}
     bool SegmentedCodeCache                       = true                                      {product} {ergonomic}
   size_t SoftMaxHeapSize                          = 1054867456                             {manageable} {ergonomic}
     bool UseCompressedClassPointers               = true                                 {lp64_product} {ergonomic}
     bool UseCompressedOops                        = true                                 {lp64_product} {ergonomic}
     bool UseG1GC                                  = true                                      {product} {ergonomic}
     bool UseLargePagesIndividualAllocation        = false                                  {pd product} {ergonomic}

Logging:
Log output configuration:
 #0: stdout all=warning uptime,level,tags
 #1: stderr all=off uptime,level,tags

Environment Variables:
PATH=C:\Program Files\Common Files\Oracle\Java\javapath;C:\Program Files (x86)\Common Files\Oracle\Java\javapath;C:\Program Files\Broadcom\Broadcom 802.11 Network Adapter;;C:\Windows\system32;C:\Windows;C:\Windows\System32\Wbem;C:\Windows\System32\WindowsPowerShell\v1.0\;C:\Windows\System32\OpenSSH\;C:\Program Files\nodejs\;C:\Program Files (x86)\Microsoft SQL Server\110\Tools\Binn\;C:\Program Files\Microsoft SQL Server\110\Tools\Binn\;C:\Program Files\Microsoft SQL Server\110\DTS\Binn\;C:\Program Files\MySQL\MySQL Shell 8.0\bin\;C:\Users\User\AppData\Local\Microsoft\WindowsApps;;C:\Users\User\AppData\Local\Programs\Microsoft VS Code\bin;C:\Users\User\AppData\Roaming\npm
USERNAME=User
OS=Windows_NT
PROCESSOR_IDENTIFIER=Intel64 Family 6 Model 61 Stepping 4, GenuineIntel



---------------  S Y S T E M  ---------------

OS:
 Windows 10 , 64 bit Build 18362 (10.0.18362.1500)
OS uptime: 5 days 16:09 hours

CPU: total 4 (initial active 4) (2 cores per cpu, 2 threads per core) family 6 model 61 stepping 4 microcode 0x2f, cmov, cx8, fxsr, mmx, sse, sse2, sse3, ssse3, sse4.1, sse4.2, popcnt, vzeroupper, avx, avx2, aes, clmul, erms, 3dnowpref, lzcnt, ht, tsc, tscinvbit, bmi1, bmi2, adx, fma, clflush

Memory: 4k page, system-wide physical 4016M (248M free)
TotalPageFile size 9032M (AvailPageFile size 0M)
current process WorkingSet (physical memory assigned to process): 26M, peak: 26M
current process commit charge ("private bytes"): 134M, peak: 135M

vm_info: Java HotSpot(TM) 64-Bit Server VM (15.0.1+9-18) for windows-amd64 JRE (15.0.1+9-18), built on Sep 15 2020 14:43:54 by "mach5one" with unknown MS VC++:1925

END.
